02/18/2022 10:24:36 Importing station orders
02/18/2022 10:24:36 Creating positions

02/18/2022 10:24:36 Starting new recommendation cycle
02/18/2022 10:24:42 Beginning recommendations
02/18/2022 10:24:42 Starting new HTTPS connection (1): s0eh943fzf.execute-api.us-west-2.amazonaws.com:443
02/18/2022 10:24:45 https://s0eh943fzf.execute-api.us-west-2.amazonaws.com:443 "GET /prod/api/units/get-public?organizationId=1&jurisdiction=WA HTTP/1.1" 200 745888
02/18/2022 10:24:45 Verbose connection successful. Status code: 200
02/18/2022 10:24:45 Refreshing units
02/18/2022 10:24:45 Recommendations complete
Call Type: BLS Grid: BA0001 Recommendation: ['A2']
Response Plan: [['Aid Unit', 'Engine', 'Ladder']]
Unit Ranks: {'A2': [('A2', 1), ('E2', 1), ('L1', 3), ('A1', 3), ('E1', 3), ('E3', 3), ('A5', 4), ('L5', 4), ('E5', 4), ('E4', 5), ('A6', 6), ('E6', 6), ('E7', 7), ('A61', 8), ('E61', 8), ('E63', 9)]}
Station Ranks: {'STA 2': 1, 'XXSTA 3': 2, 'STA 1': 3, 'STA 5': 4, 'STA 4': 5, 'STA 6': 6, 'STA 7': 7, 'STA 61': 8, 'STA 63': 9, 'STA 82': 10}
Cross Staffing: []

02/18/2022 10:24:45 Starting new recommendation cycle
02/18/2022 10:26:07 Beginning recommendations
02/18/2022 10:26:07 Starting new HTTPS connection (1): s0eh943fzf.execute-api.us-west-2.amazonaws.com:443
02/18/2022 10:26:11 https://s0eh943fzf.execute-api.us-west-2.amazonaws.com:443 "GET /prod/api/units/get-public?organizationId=1&jurisdiction=WA HTTP/1.1" 200 745889
02/18/2022 10:26:11 Verbose connection successful. Status code: 200
02/18/2022 10:26:11 Refreshing units
02/18/2022 10:26:11 Recommendations complete
Call Type: BLS Grid: BA0001 Recommendation: ['E2']
Response Plan: [['Aid Unit', 'Engine', 'Ladder']]
Unit Ranks: {'E2': [('E2', 1), ('L1', 3), ('A1', 3), ('E1', 3), ('E3', 3), ('A5', 4), ('L5', 4), ('E5', 4), ('E4', 5), ('A6', 6), ('E6', 6), ('E7', 7), ('A61', 8), ('E61', 8), ('E63', 9)]}
Station Ranks: {'STA 2': 1, 'XXSTA 3': 2, 'STA 1': 3, 'STA 5': 4, 'STA 4': 5, 'STA 6': 6, 'STA 7': 7, 'STA 61': 8, 'STA 63': 9, 'STA 82': 10}
Cross Staffing: []

02/18/2022 10:26:11 Starting new recommendation cycle
