02/17/2022 12:36:09 Importing station orders
02/17/2022 12:36:09 Creating positions
02/17/2022 12:36:27 Beginning recommendations
02/17/2022 12:36:27 Starting new HTTPS connection (1): uacy6ocd51.execute-api.us-west-2.amazonaws.com:443
02/17/2022 12:36:29 https://uacy6ocd51.execute-api.us-west-2.amazonaws.com:443 "GET /prod/api/units/get-public?organizationId=1&jurisdiction=WA HTTP/1.1" 200 173459
02/17/2022 12:36:29 Verbose connection successful. Status code: 200
02/17/2022 12:36:29 Refreshing units
02/17/2022 12:36:29 Recommendations complete
Call Type: MVC Grid: LF310 Recommendation: ['E15', 'A15']
Response Plan: [['Engine', 'Ladder'], ['Aid Unit', 'Medic Unit']]
Unit Ranks: {'E15': [('E15', 1), ('E21', 6), ('E11', 10), ('E25', 13), ('E24', 23)], 'A15': [('A15', 1), ('M15', 1), ('M18', 3), ('M10', 4), ('M16', 5), ('E21', 6), ('M21', 6), ('M22', 7), ('M19', 8), ('E11', 10), ('M11', 10), ('M20', 11), ('M17', 12), ('E25', 13), ('M25', 13), ('M12', 22), ('E24', 23), ('M24', 23), ('M13', 24)]}
Station Ranks: {'STA 15': 1, 'STA 14': 2, 'STA 18': 3, 'STA 10': 4, 'STA 16': 5, 'STA 21': 6, 'STA 22': 7, 'STA 19': 8, 'STA 23': 9, 'STA 11': 10, 'STA 20': 11, 'STA 17': 12, 'STA 25': 13, 'STA 76': 14, 'KC STA 45': 15, 'KC STA 44': 16, 'KC STA 63': 17, 'KC STA 65': 18, 'KC STA 64': 19, 'KC STA 42': 20, 'KC STA 57': 21, 'STA 12': 22, 'STA 24': 23, 'STA 13': 24}
Cross Staffing: []

02/17/2022 12:41:37 Importing station orders
02/17/2022 12:41:37 Creating positions
02/17/2022 12:41:44 
Beginning recommendations
02/17/2022 12:41:44 Starting new HTTPS connection (1): uacy6ocd51.execute-api.us-west-2.amazonaws.com:443
02/17/2022 12:41:45 https://uacy6ocd51.execute-api.us-west-2.amazonaws.com:443 "GET /prod/api/units/get-public?organizationId=1&jurisdiction=WA HTTP/1.1" 200 173459
02/17/2022 12:41:45 Verbose connection successful. Status code: 200
02/17/2022 12:41:45 Refreshing units
02/17/2022 12:41:45 Recommendations complete
Call Type: MVC Grid: LF310 Recommendation: ['E15', 'A15']
Response Plan: [['Engine', 'Ladder'], ['Aid Unit', 'Medic Unit']]
Unit Ranks: {'E15': [('E15', 1), ('E21', 6), ('E11', 10), ('E25', 13), ('E24', 23)], 'A15': [('A15', 1), ('M15', 1), ('M18', 3), ('M10', 4), ('M16', 5), ('E21', 6), ('M21', 6), ('M22', 7), ('M19', 8), ('E11', 10), ('M11', 10), ('M20', 11), ('M17', 12), ('E25', 13), ('M25', 13), ('M12', 22), ('E24', 23), ('M24', 23), ('M13', 24)]}
Station Ranks: {'STA 15': 1, 'STA 14': 2, 'STA 18': 3, 'STA 10': 4, 'STA 16': 5, 'STA 21': 6, 'STA 22': 7, 'STA 19': 8, 'STA 23': 9, 'STA 11': 10, 'STA 20': 11, 'STA 17': 12, 'STA 25': 13, 'STA 76': 14, 'KC STA 45': 15, 'KC STA 44': 16, 'KC STA 63': 17, 'KC STA 65': 18, 'KC STA 64': 19, 'KC STA 42': 20, 'KC STA 57': 21, 'STA 12': 22, 'STA 24': 23, 'STA 13': 24}
Cross Staffing: []
02/17/2022 12:44:24 Importing station orders
02/17/2022 12:44:24 Creating positions

02/17/2022 12:44:24 Starting recommendations engine
02/17/2022 12:44:31 Beginning recommendations
02/17/2022 12:44:31 Starting new HTTPS connection (1): uacy6ocd51.execute-api.us-west-2.amazonaws.com:443
02/17/2022 12:44:31 https://uacy6ocd51.execute-api.us-west-2.amazonaws.com:443 "GET /prod/api/units/get-public?organizationId=1&jurisdiction=WA HTTP/1.1" 200 173459
02/17/2022 12:44:31 Verbose connection successful. Status code: 200
02/17/2022 12:44:31 Refreshing units
02/17/2022 12:44:31 Recommendations complete
Call Type: MVC Grid: LF310 Recommendation: ['E15', 'A15']
Response Plan: [['Engine', 'Ladder'], ['Aid Unit', 'Medic Unit']]
Unit Ranks: {'E15': [('E15', 1), ('E21', 6), ('E11', 10), ('E25', 13), ('E24', 23)], 'A15': [('A15', 1), ('M15', 1), ('M18', 3), ('M10', 4), ('M16', 5), ('E21', 6), ('M21', 6), ('M22', 7), ('M19', 8), ('E11', 10), ('M11', 10), ('M20', 11), ('M17', 12), ('E25', 13), ('M25', 13), ('M12', 22), ('E24', 23), ('M24', 23), ('M13', 24)]}
Station Ranks: {'STA 15': 1, 'STA 14': 2, 'STA 18': 3, 'STA 10': 4, 'STA 16': 5, 'STA 21': 6, 'STA 22': 7, 'STA 19': 8, 'STA 23': 9, 'STA 11': 10, 'STA 20': 11, 'STA 17': 12, 'STA 25': 13, 'STA 76': 14, 'KC STA 45': 15, 'KC STA 44': 16, 'KC STA 63': 17, 'KC STA 65': 18, 'KC STA 64': 19, 'KC STA 42': 20, 'KC STA 57': 21, 'STA 12': 22, 'STA 24': 23, 'STA 13': 24}
Cross Staffing: []

02/17/2022 12:44:31 Starting recommendations engine
02/17/2022 12:46:29 Importing station orders
02/17/2022 12:46:29 Creating positions

02/17/2022 12:46:29 Starting new recommendation cycle
02/17/2022 12:46:34 Beginning recommendations
02/17/2022 12:46:34 Starting new HTTPS connection (1): uacy6ocd51.execute-api.us-west-2.amazonaws.com:443
02/17/2022 12:46:35 https://uacy6ocd51.execute-api.us-west-2.amazonaws.com:443 "GET /prod/api/units/get-public?organizationId=1&jurisdiction=WA HTTP/1.1" 200 173459
02/17/2022 12:46:35 Verbose connection successful. Status code: 200
02/17/2022 12:46:35 Refreshing units
02/17/2022 12:46:35 Recommendations complete
Call Type: MED Grid: BA0001 Recommendation: ['M61', 'E61']
Response Plan: ['Medic Unit', 'Engine']
Unit Ranks: {}
Station Ranks: {'STA 2': 1, 'XXSTA 3': 2, 'STA 1': 3, 'STA 5': 4, 'STA 4': 5, 'STA 6': 6, 'STA 7': 7, 'STA 61': 8, 'STA 63': 9, 'STA 82': 10}
Cross Staffing: []

02/17/2022 12:46:35 Starting new recommendation cycle
