02/22/2022 11:51:43 INFO - Starting new recommendation cycle
02/22/2022 11:51:43 INFO - Beginning recommendations
02/22/2022 11:51:50 INFO - Recommendations complete
Call Type: MED Grid: LF210 Recommendation: ['M15', 'A15']
Response Plan: ['Medic Unit', ['Engine', 'Aid Unit', 'Ladder']]
Unit Ranks: {'A15': [('A15', 1), ('E15', 1), ('E18', 2), ('L14', 3), ('E19', 4), ('E16', 5), ('E22', 7), ('E17', 9), ('E21', 10), ('E23', 11), ('E11', 12), ('E25', 17), ('E76', 19), ('E12', 22), ('E24', 23), ('E13', 24)]}
Station Ranks: {'STA 15': 1, 'STA 18': 2, 'STA 14': 3, 'STA 19': 4, 'STA 16': 5, 'STA 20': 6, 'STA 22': 7, 'STA 10': 8, 'STA 17': 9, 'STA 21': 10, 'STA 23': 11, 'STA 11': 12, 'KC STA 44': 13, 'KC STA 64': 14, 'KC STA 63': 15, 'KC STA 57': 16, 'STA 25': 17, 'KC STA 65': 18, 'STA 76': 19, 'KC STA 45': 20, 'KC STA 42': 21, 'STA 12': 22, 'STA 24': 23, 'STA 13': 24}
Cross Staffing: []

02/22/2022 16:57:52 INFO - Starting new recommendation cycle
02/22/2022 16:57:52 INFO - Beginning recommendations
02/22/2022 16:58:06 INFO - Recommendations complete
Call Type: FRC Grid: MF1617 Recommendation: ['E66', 'E82', 'L62', 'M61', 'E61', 'B61']
Response Plan: ['Engine', ['Engine', 'Ladder'], 'Ladder', 'Medic Unit', 'Engine', 'Command Unit']
Unit Ranks: {'E82': [('E82', 2), ('E61', 3), ('E68', 4), ('L62', 5), ('E62', 5), ('E81', 6), ('E43', 7), ('E87', 8), ('E2', 9), ('E83', 10), ('E63', 11), ('L1', 12), ('E1', 12), ('E3', 12), ('E86', 13), ('E65', 14), ('L48', 17), ('E60', 19), ('E46', 20), ('L5', 21), ('E5', 21), ('E6', 22), ('E71', 23), ('E4', 24), ('E11', 25), ('E13', 27), ('E7', 28), ('E12', 29)]}
Station Ranks: {'STA 66': 1, 'STA 82': 2, 'STA 61': 3, 'STA 68': 4, 'STA 62': 5, 'STA 81': 6, 'STA 43': 7, 'STA 87': 8, 'STA 2': 9, 'STA 83': 10, 'STA 63': 11, 'STA 1': 12, 'STA 86': 13, 'STA 65': 14, 'STA 41': 15, 'STA 40': 16, 'STA 48': 17, 'STA 47': 18, 'STA 60': 19, 'STA 46': 20, 'STA 5': 21, 'STA 6': 22, 'STA 71': 23, 'STA 4': 24, 'STA 11': 25, 'STA 42': 26, 'STA 13': 27, 'STA 7': 28, 'STA 12': 29}
Cross Staffing: ['E66', 'A66', 'HZ61', 'L62', 'TR61']

02/22/2022 16:58:48 INFO - Starting new recommendation cycle
02/22/2022 16:58:48 INFO - Beginning recommendations
02/22/2022 16:59:03 INFO - Recommendations complete
Call Type: FRC - No Hydrant Grid: MF1617 Recommendation: ['E66', 'E82', 'T65', 'E61', 'M61', 'B61']
Response Plan: ['Engine', ['Engine', 'Ladder'], 'Tender', 'Engine', 'Medic Unit', 'Tender', 'Command Unit']
Unit Ranks: {'E82': [('E82', 2), ('E61', 3), ('E68', 4), ('L62', 5), ('E62', 5), ('E81', 6), ('E43', 7), ('E87', 8), ('E2', 9), ('E83', 10), ('E63', 11), ('L1', 12), ('E1', 12), ('E3', 12), ('E86', 13), ('E65', 14), ('L48', 17), ('E60', 19), ('E46', 20), ('L5', 21), ('E5', 21), ('E6', 22), ('E71', 23), ('E4', 24), ('E11', 25), ('E13', 27), ('E7', 28), ('E12', 29)]}
Station Ranks: {'STA 66': 1, 'STA 82': 2, 'STA 61': 3, 'STA 68': 4, 'STA 62': 5, 'STA 81': 6, 'STA 43': 7, 'STA 87': 8, 'STA 2': 9, 'STA 83': 10, 'STA 63': 11, 'STA 1': 12, 'STA 86': 13, 'STA 65': 14, 'STA 41': 15, 'STA 40': 16, 'STA 48': 17, 'STA 47': 18, 'STA 60': 19, 'STA 46': 20, 'STA 5': 21, 'STA 6': 22, 'STA 71': 23, 'STA 4': 24, 'STA 11': 25, 'STA 42': 26, 'STA 13': 27, 'STA 7': 28, 'STA 12': 29}
Cross Staffing: ['E66', 'A66', 'HZ61', 'E65', 'A65', 'T65', 'BT65']

03/31/2022 10:04:36 INFO - Starting new recommendation cycle
03/31/2022 10:04:36 INFO - Beginning recommendations
03/31/2022 10:04:44 INFO - Recommendations complete
Call Type: MED Grid: BA0001 Recommendation: ['M1', 'E2']
Response Plan: ['Medic Unit', 'Engine']
Unit Ranks: {}
Station Ranks: {'STA 2': 1, 'XXSTA 3': 2, 'STA 1': 3, 'STA 5': 4, 'STA 4': 5, 'STA 6': 6, 'STA 7': 7, 'STA 61': 8, 'STA 63': 9, 'STA 82': 10}
Cross Staffing: []

03/31/2022 10:04:44 INFO - Starting new recommendation cycle
03/31/2022 10:04:44 INFO - Beginning recommendations
03/31/2022 10:04:49 INFO - Recommendations complete
Call Type: MED Grid: BA0001 Recommendation: ['M1', 'E2']
Response Plan: ['Medic Unit', 'Engine']
Unit Ranks: {}
Station Ranks: {'STA 2': 1, 'XXSTA 3': 2, 'STA 1': 3, 'STA 5': 4, 'STA 4': 5, 'STA 6': 6, 'STA 7': 7, 'STA 61': 8, 'STA 63': 9, 'STA 82': 10}
Cross Staffing: []

03/31/2022 10:06:32 INFO - Starting new recommendation cycle
03/31/2022 10:06:32 WARNING - Invalid call type entered: BLART
